<?xml version="1.0" encoding="UTF-8"?>
<!-- Generated by org.testng.reporters.JUnitReportReporter -->
<testsuite hostname="TYSS-Shobha" failures="0" tests="1" name="sample.Demo2Test" time="0.007" errors="0" timestamp="2023-08-22T08:26:54 IST" skipped="0">
  <testcase classname="sample.Demo2Test" name="m2" time="0.007"/>
  <system-out/>
</testsuite> <!-- sample.Demo2Test -->
