<?xml version="1.0" encoding="UTF-8"?>
<!-- Generated by org.testng.reporters.JUnitReportReporter -->
<testsuite hostname="TYSS-Shobha" failures="0" tests="1" name="sample.Demo1Test" time="0.009" errors="0" timestamp="2023-08-22T00:19:19 IST" skipped="0">
  <testcase classname="sample.Demo1Test" name="d1Test" time="0.009"/>
  <system-out/>
</testsuite> <!-- sample.Demo1Test -->
